L 07/18/2015 - 01:13:18: SourceMod log file session started (file "L20150718.log") (Version "1.7.2")
L 07/18/2015 - 01:13:18: -------- Mapchange to de_inferno --------
L 07/18/2015 - 02:00:47: -------- Mapchange to de_inferno --------
L 07/18/2015 - 06:46:44: -------- Mapchange to de_inferno --------
L 07/18/2015 - 10:54:31: -------- Mapchange to de_inferno --------
L 07/18/2015 - 11:01:14: [mapchooser.smx] Voting for next map has started.
L 07/18/2015 - 11:01:23: [mapchooser.smx] Voting for next map has finished. Nextmap: de_nuke.
L 07/18/2015 - 11:04:04: [SM] Changed map to "de_nuke"
L 07/18/2015 - 11:04:07: -------- Mapchange to de_nuke --------
L 07/18/2015 - 11:12:09: -------- Mapchange to de_nuke --------
L 07/18/2015 - 11:56:17: -------- Mapchange to de_nuke --------
L 07/18/2015 - 12:16:39: -------- Mapchange to de_nuke --------
L 07/18/2015 - 12:25:22: -------- Mapchange to de_nuke --------
L 07/18/2015 - 12:30:58: [mapchooser.smx] Voting for next map has started.
L 07/18/2015 - 12:31:02: [mapchooser.smx] Voting for next map has finished. Nextmap: de_dust2.
L 07/18/2015 - 12:33:22: [SM] Changed map to "de_dust2"
L 07/18/2015 - 12:33:22: -------- Mapchange to de_dust2 --------
L 07/18/2015 - 12:40:09: [mapchooser.smx] Voting for next map has started.
L 07/18/2015 - 12:40:16: [mapchooser.smx] Voting for next map has finished. Nextmap: cs_office.
L 07/18/2015 - 12:41:37: [SM] Changed map to "cs_office"
L 07/18/2015 - 12:41:41: -------- Mapchange to cs_office --------
L 07/18/2015 - 12:49:01: -------- Mapchange to cs_office --------
L 07/18/2015 - 13:52:51: -------- Mapchange to cs_office --------
L 07/18/2015 - 14:51:14: -------- Mapchange to cs_office --------
L 07/18/2015 - 14:57:45: -------- Mapchange to cs_office --------
L 07/18/2015 - 15:01:14: [mapchooser.smx] Voting for next map has started.
L 07/18/2015 - 15:01:21: [mapchooser.smx] Voting for next map has finished. Nextmap: de_nuke.
L 07/18/2015 - 15:35:41: -------- Mapchange to cs_office --------
L 07/18/2015 - 17:37:01: -------- Mapchange to cs_office --------
L 07/18/2015 - 17:38:30: [basecommands.smx] "cowelele<53><STEAM_1:0:27456117><>" changed map to "de_dust2"
L 07/18/2015 - 17:38:33: [SM] Changed map to "de_dust2"
L 07/18/2015 - 17:38:34: -------- Mapchange to de_dust2 --------
L 07/18/2015 - 19:02:56: -------- Mapchange to de_dust2 --------
L 07/18/2015 - 19:09:49: [mapchooser.smx] Voting for next map has started.
L 07/18/2015 - 19:09:58: [mapchooser.smx] Voting for next map has finished. Nextmap: de_dust.
L 07/18/2015 - 19:11:53: [SM] Changed map to "de_dust"
L 07/18/2015 - 19:11:56: -------- Mapchange to de_dust --------
L 07/18/2015 - 19:18:36: [mapchooser.smx] Voting for next map has started.
L 07/18/2015 - 19:18:42: [mapchooser.smx] Voting for next map has finished. Nextmap: de_inferno.
L 07/18/2015 - 19:20:08: [SM] Changed map to "de_inferno"
L 07/18/2015 - 19:20:09: -------- Mapchange to de_inferno --------
L 07/18/2015 - 19:25:27: [mapchooser.smx] Voting for next map has started.
L 07/18/2015 - 19:25:40: [mapchooser.smx] Voting for next map has finished. Nextmap: de_train.
L 07/18/2015 - 19:28:55: [SM] Changed map to "de_train"
L 07/18/2015 - 19:29:03: -------- Mapchange to de_train --------
L 07/18/2015 - 19:36:35: [mapchooser.smx] Voting for next map has started.
L 07/18/2015 - 19:36:39: [mapchooser.smx] Voting for next map has finished. Nextmap: de_aztec.
L 07/18/2015 - 19:37:55: [SM] Changed map to "de_aztec"
L 07/18/2015 - 19:37:59: -------- Mapchange to de_aztec --------
L 07/18/2015 - 19:39:38: -------- Mapchange to de_aztec --------
L 07/18/2015 - 19:49:08: -------- Mapchange to de_aztec --------
L 07/18/2015 - 20:00:33: -------- Mapchange to de_aztec --------
L 07/18/2015 - 20:07:36: [mapchooser.smx] Voting for next map has started.
L 07/18/2015 - 20:07:57: [mapchooser.smx] Voting for next map has finished. Nextmap: de_dust2.
L 07/18/2015 - 20:09:35: [SM] Changed map to "de_dust2"
L 07/18/2015 - 20:09:36: -------- Mapchange to de_dust2 --------
L 07/18/2015 - 20:18:30: [mapchooser.smx] Voting for next map has started.
L 07/18/2015 - 20:18:50: [mapchooser.smx] Voting for next map has finished. Nextmap: de_nuke.
L 07/18/2015 - 20:19:49: [SM] Changed map to "de_nuke"
L 07/18/2015 - 20:19:50: -------- Mapchange to de_nuke --------
L 07/18/2015 - 20:27:23: [mapchooser.smx] Voting for next map has started.
L 07/18/2015 - 20:27:35: [mapchooser.smx] Voting for next map has finished. Nextmap: de_train.
L 07/18/2015 - 20:28:55: [SM] Changed map to "de_train"
L 07/18/2015 - 20:28:56: -------- Mapchange to de_train --------
L 07/18/2015 - 20:35:57: [mapchooser.smx] Voting for next map has started.
L 07/18/2015 - 20:36:17: [mapchooser.smx] Voting for next map has finished. Nextmap: de_inferno.
L 07/18/2015 - 20:38:08: [SM] Changed map to "de_inferno"
L 07/18/2015 - 20:38:09: -------- Mapchange to de_inferno --------
L 07/18/2015 - 20:46:07: [mapchooser.smx] Voting for next map has started.
L 07/18/2015 - 20:46:14: [mapchooser.smx] Voting for next map has finished. Nextmap: de_dust.
L 07/18/2015 - 20:47:27: [SM] Changed map to "de_dust"
L 07/18/2015 - 20:47:28: -------- Mapchange to de_dust --------
L 07/18/2015 - 20:54:18: [mapchooser.smx] Voting for next map has started.
L 07/18/2015 - 20:54:33: [mapchooser.smx] Voting for next map has finished. Nextmap: cs_office.
L 07/18/2015 - 20:55:53: [SM] Changed map to "cs_office"
L 07/18/2015 - 20:55:53: -------- Mapchange to cs_office --------
L 07/18/2015 - 20:56:28: [basecommands.smx] "Wint3rmute<106><STEAM_1:1:14082357><>" changed map to "de_dust2"
L 07/18/2015 - 20:56:29: [basecommands.smx] "cowelele<103><STEAM_1:0:27456117><>" changed map to "de_dust2"
L 07/18/2015 - 20:56:31: [SM] Changed map to "de_dust2"
L 07/18/2015 - 20:56:31: -------- Mapchange to de_dust2 --------
L 07/18/2015 - 20:56:34: [SM] Changed map to "de_dust2"
L 07/18/2015 - 20:56:35: -------- Mapchange to de_dust2 --------
L 07/18/2015 - 21:03:35: [mapchooser.smx] Voting for next map has started.
L 07/18/2015 - 21:03:53: [mapchooser.smx] Voting for next map has finished. Nextmap: de_aztec.
L 07/18/2015 - 21:05:02: [SM] Changed map to "de_aztec"
L 07/18/2015 - 21:05:02: -------- Mapchange to de_aztec --------
L 07/18/2015 - 21:13:16: [mapchooser.smx] Voting for next map has started.
L 07/18/2015 - 21:13:36: [mapchooser.smx] Voting for next map has finished. Nextmap: cs_italy.
L 07/18/2015 - 21:14:37: [SM] Changed map to "cs_italy"
L 07/18/2015 - 21:14:42: -------- Mapchange to cs_italy --------
L 07/18/2015 - 21:15:57: -------- Mapchange to de_dust2 --------
L 07/18/2015 - 21:19:54: -------- Mapchange to de_dust2 --------
L 07/18/2015 - 21:27:17: [mapchooser.smx] Voting for next map has started.
L 07/18/2015 - 21:27:22: [mapchooser.smx] Voting for next map has finished. Nextmap: de_inferno.
L 07/18/2015 - 21:29:06: [SM] Changed map to "de_inferno"
L 07/18/2015 - 21:29:07: -------- Mapchange to de_inferno --------
L 07/18/2015 - 21:36:19: [mapchooser.smx] Voting for next map has started.
L 07/18/2015 - 21:36:25: [mapchooser.smx] Voting for next map has finished. Nextmap: de_train.
L 07/18/2015 - 21:37:53: [SM] Changed map to "de_train"
L 07/18/2015 - 21:37:54: -------- Mapchange to de_train --------
L 07/18/2015 - 21:45:15: [mapchooser.smx] Voting for next map has started.
L 07/18/2015 - 21:45:23: [mapchooser.smx] Voting for next map has finished. Nextmap: cs_office.
