L 07/14/2015 - 23:18:47: SourceMod log file session started (file "L20150714.log") (Version "1.7.2")
L 07/14/2015 - 23:18:47: -------- Mapchange to de_dust2 --------
L 07/14/2015 - 23:20:27: [UPDATER] Successfully updated gamedata file "sm-cstrike.games/game.csgo.txt"
L 07/14/2015 - 23:20:27: [UPDATER] Successfully updated gamedata file "core.games/engine.ep2.txt"
L 07/14/2015 - 23:20:27: [UPDATER] Successfully updated gamedata file "sdkhooks.games/game.modularcombat.txt"
L 07/14/2015 - 23:20:27: [UPDATER] Successfully updated gamedata file "sdkhooks.games/master.games.txt"
L 07/14/2015 - 23:20:27: [UPDATER] Successfully updated gamedata file "sm-tf2.games.txt"
L 07/14/2015 - 23:20:27: [UPDATER] Successfully updated gamedata file "sdktools.games/game.fof.txt"
L 07/14/2015 - 23:20:27: [UPDATER] Successfully updated gamedata file "sdktools.games/engine.ep2.txt"
L 07/14/2015 - 23:20:27: [UPDATER] Successfully updated gamedata file "sdktools.games/game.modularcombat.txt"
L 07/14/2015 - 23:20:27: [UPDATER] Successfully updated gamedata file "sdktools.games/master.games.txt"
L 07/14/2015 - 23:20:27: [UPDATER] Successfully updated gamedata file "sdktools.games/engine.insurgency.txt"
L 07/14/2015 - 23:20:27: [UPDATER] SourceMod has been updated, please reload it or restart your server.
L 07/14/2015 - 23:20:28: -------- Mapchange to de_dust2 --------
L 07/14/2015 - 23:36:17: SourceMod log file session started (file "L20150714.log") (Version "1.7.2")
L 07/14/2015 - 23:36:17: -------- Mapchange to de_dust2 --------
L 07/14/2015 - 23:36:47: -------- Mapchange to de_dust2 --------
L 07/14/2015 - 23:52:58: SourceMod log file session started (file "L20150714.log") (Version "1.7.2")
L 07/14/2015 - 23:52:58: -------- Mapchange to de_dust2 --------
L 07/14/2015 - 23:59:31: SourceMod log file session started (file "L20150714.log") (Version "1.7.2")
L 07/14/2015 - 23:59:31: -------- Mapchange to de_dust2 --------
